20241020 17:48:46 INFO  [main] base.BaseTest BaseTest.java64 - https://login.salesforce.com/ is entered
20241020 17:48:53 INFO  [main] base.BaseTest BaseTest.java64 - https://login.salesforce.com/ is entered
20241020 18:10:36 INFO  [main] utility.SalesforceListenerUtility SalesforceListenerUtility.java22 - SalesforceTest started...............
20241020 18:10:42 INFO  [main] base.BaseTest BaseTest.java64 - https://login.salesforce.com/ is entered
20241020 18:10:42 INFO  [main] utility.SalesforceListenerUtility SalesforceListenerUtility.java36 - loginError started..................
20241020 18:10:47 INFO  [main] utility.SalesforceListenerUtility SalesforceListenerUtility.java42 - loginError ended with success......................
20241020 18:10:50 INFO  [main] base.BaseTest BaseTest.java64 - https://login.salesforce.com/ is entered
20241020 18:10:50 INFO  [main] utility.SalesforceListenerUtility SalesforceListenerUtility.java36 - validLogin started..................
20241020 18:10:57 INFO  [main] utility.SalesforceListenerUtility SalesforceListenerUtility.java42 - validLogin ended with success......................
20241020 18:10:58 INFO  [main] utility.SalesforceListenerUtility SalesforceListenerUtility.java28 - SalesforceTest ended.................
20241020 18:39:26 INFO  [main] base.BaseTest BaseTest.java63 - https://login.salesforce.com/ is entered
20241020 18:58:41 INFO  [main] base.BaseTest BaseTest.java63 - https://login.salesforce.com/ is entered
20241020 18:58:51 INFO  [main] base.BaseTest BaseTest.java63 - https://login.salesforce.com/ is entered
20241020 18:58:56 INFO  [main] base.BaseTest BaseTest.java63 - https://login.salesforce.com/ is entered
20241020 18:59:05 INFO  [main] base.BaseTest BaseTest.java63 - https://login.salesforce.com/ is entered
20241020 18:59:11 INFO  [main] base.BaseTest BaseTest.java63 - https://login.salesforce.com/ is entered
20241020 20:00:24 INFO  [main] base.BaseTest BaseTest.java63 - https://login.salesforce.com/ is entered
20241020 20:00:28 INFO  [main] base.BaseTest BaseTest.java63 - https://login.salesforce.com/ is entered
20241020 20:00:31 INFO  [main] base.BaseTest BaseTest.java63 - https://login.salesforce.com/ is entered
20241020 20:07:16 INFO  [main] base.BaseTest BaseTest.java63 - https://login.salesforce.com/ is entered
20241020 20:08:24 INFO  [main] base.BaseTest BaseTest.java63 - https://login.salesforce.com/ is entered
20241020 20:09:48 INFO  [main] base.BaseTest BaseTest.java63 - https://login.salesforce.com/ is entered
20241020 20:12:34 INFO  [main] base.BaseTest BaseTest.java63 - https://login.salesforce.com/ is entered
20241020 20:13:16 INFO  [main] base.BaseTest BaseTest.java63 - https://login.salesforce.com/ is entered
20241020 20:15:21 INFO  [main] base.BaseTest BaseTest.java63 - https://login.salesforce.com/ is entered
20241020 20:46:07 INFO  [main] base.BaseTest BaseTest.java63 - https://login.salesforce.com/ is entered
20241020 20:50:15 INFO  [main] base.BaseTest BaseTest.java63 - https://login.salesforce.com/ is entered
20241020 20:54:07 INFO  [main] base.BaseTest BaseTest.java63 - https://login.salesforce.com/ is entered
20241020 20:55:32 INFO  [main] base.BaseTest BaseTest.java63 - https://login.salesforce.com/ is entered
20241020 20:55:54 INFO  [main] base.BaseTest BaseTest.java63 - https://login.salesforce.com/ is entered
20241020 20:59:47 INFO  [main] base.BaseTest BaseTest.java63 - https://login.salesforce.com/ is entered
20241020 21:20:37 INFO  [main] base.BaseTest BaseTest.java63 - https://login.salesforce.com/ is entered
20241021 23:07:20 INFO  [main] utility.SalesforceListenerUtility SalesforceListenerUtility.java22 - SalesforceTest started...............
20241021 23:07:26 INFO  [main] base.BaseTest BaseTest.java63 - https://login.salesforce.com/ is entered
20241021 23:07:26 INFO  [main] utility.SalesforceListenerUtility SalesforceListenerUtility.java36 - checkRememberMe started..................
20241021 23:07:38 INFO  [main] utility.SalesforceListenerUtility SalesforceListenerUtility.java42 - checkRememberMe ended with success......................
20241021 23:07:41 INFO  [main] base.BaseTest BaseTest.java63 - https://login.salesforce.com/ is entered
20241021 23:07:41 INFO  [main] utility.SalesforceListenerUtility SalesforceListenerUtility.java36 - forgotPassword started..................
20241021 23:07:42 INFO  [main] utility.SalesforceListenerUtility SalesforceListenerUtility.java42 - forgotPassword ended with success......................
20241021 23:07:45 INFO  [main] base.BaseTest BaseTest.java63 - https://login.salesforce.com/ is entered
20241021 23:07:45 INFO  [main] utility.SalesforceListenerUtility SalesforceListenerUtility.java36 - incorrectLogin started..................
20241021 23:07:48 INFO  [main] utility.SalesforceListenerUtility SalesforceListenerUtility.java42 - incorrectLogin ended with success......................
20241021 23:07:50 INFO  [main] base.BaseTest BaseTest.java63 - https://login.salesforce.com/ is entered
20241021 23:07:50 INFO  [main] utility.SalesforceListenerUtility SalesforceListenerUtility.java36 - loginError started..................
20241021 23:07:54 INFO  [main] utility.SalesforceListenerUtility SalesforceListenerUtility.java42 - loginError ended with success......................
20241021 23:07:56 INFO  [main] base.BaseTest BaseTest.java63 - https://login.salesforce.com/ is entered
20241021 23:07:56 INFO  [main] utility.SalesforceListenerUtility SalesforceListenerUtility.java36 - validLogin started..................
20241021 23:08:02 INFO  [main] utility.SalesforceListenerUtility SalesforceListenerUtility.java42 - validLogin ended with success......................
20241021 23:08:03 INFO  [main] utility.SalesforceListenerUtility SalesforceListenerUtility.java28 - SalesforceTest ended.................
20241021 23:11:21 INFO  [main] utility.SalesforceListenerUtility SalesforceListenerUtility.java22 - SalesforceTest started...............
20241021 23:11:25 INFO  [main] base.BaseTest BaseTest.java63 - https://login.salesforce.com/ is entered
20241021 23:11:25 INFO  [main] utility.SalesforceListenerUtility SalesforceListenerUtility.java36 - checkRememberMe started..................
20241021 23:11:34 INFO  [main] utility.SalesforceListenerUtility SalesforceListenerUtility.java42 - checkRememberMe ended with success......................
20241021 23:11:37 INFO  [main] base.BaseTest BaseTest.java63 - https://login.salesforce.com/ is entered
20241021 23:11:37 INFO  [main] utility.SalesforceListenerUtility SalesforceListenerUtility.java36 - forgotPassword started..................
20241021 23:11:39 INFO  [main] utility.SalesforceListenerUtility SalesforceListenerUtility.java42 - forgotPassword ended with success......................
20241021 23:11:42 INFO  [main] base.BaseTest BaseTest.java63 - https://login.salesforce.com/ is entered
20241021 23:11:42 INFO  [main] utility.SalesforceListenerUtility SalesforceListenerUtility.java36 - incorrectLogin started..................
20241021 23:11:46 INFO  [main] utility.SalesforceListenerUtility SalesforceListenerUtility.java42 - incorrectLogin ended with success......................
20241021 23:11:49 INFO  [main] base.BaseTest BaseTest.java63 - https://login.salesforce.com/ is entered
20241021 23:11:49 INFO  [main] utility.SalesforceListenerUtility SalesforceListenerUtility.java36 - loginError started..................
20241021 23:11:51 INFO  [main] utility.SalesforceListenerUtility SalesforceListenerUtility.java42 - loginError ended with success......................
20241021 23:11:54 INFO  [main] base.BaseTest BaseTest.java63 - https://login.salesforce.com/ is entered
20241021 23:11:54 INFO  [main] utility.SalesforceListenerUtility SalesforceListenerUtility.java36 - validLogin started..................
20241021 23:11:57 INFO  [main] utility.SalesforceListenerUtility SalesforceListenerUtility.java42 - validLogin ended with success......................
20241021 23:12:00 INFO  [main] base.BaseTest BaseTest.java63 - https://login.salesforce.com/ is entered
20241021 23:12:00 INFO  [main] utility.SalesforceListenerUtility SalesforceListenerUtility.java36 - checkUserdropdownContent started..................
20241021 23:12:07 INFO  [main] utility.SalesforceListenerUtility SalesforceListenerUtility.java42 - checkUserdropdownContent ended with success......................
20241021 23:12:10 INFO  [main] base.BaseTest BaseTest.java63 - https://login.salesforce.com/ is entered
20241021 23:12:10 INFO  [main] utility.SalesforceListenerUtility SalesforceListenerUtility.java36 - devConsole started..................
20241021 23:12:20 ERROR [main] utility.SalesforceListenerUtility SalesforceListenerUtility.java48 - devConsole ended with failure.....................
20241021 23:12:23 INFO  [main] base.BaseTest BaseTest.java63 - https://login.salesforce.com/ is entered
20241021 23:12:23 INFO  [main] utility.SalesforceListenerUtility SalesforceListenerUtility.java36 - logout started..................
20241021 23:12:34 ERROR [main] utility.SalesforceListenerUtility SalesforceListenerUtility.java48 - logout ended with failure.....................
20241021 23:12:38 INFO  [main] base.BaseTest BaseTest.java63 - https://login.salesforce.com/ is entered
20241021 23:12:38 INFO  [main] utility.SalesforceListenerUtility SalesforceListenerUtility.java36 - myProfile started..................
20241021 23:12:52 INFO  [main] utility.SalesforceListenerUtility SalesforceListenerUtility.java42 - myProfile ended with success......................
20241021 23:12:55 INFO  [main] base.BaseTest BaseTest.java63 - https://login.salesforce.com/ is entered
20241021 23:12:55 INFO  [main] utility.SalesforceListenerUtility SalesforceListenerUtility.java36 - mySettings started..................
20241021 23:13:05 ERROR [main] utility.SalesforceListenerUtility SalesforceListenerUtility.java48 - mySettings ended with failure.....................
20241021 23:13:06 INFO  [main] utility.SalesforceListenerUtility SalesforceListenerUtility.java28 - SalesforceTest ended.................
20241025 19:35:17 INFO  [main] base.BaseTest BaseTest.java63 - https://login.salesforce.com/ is entered
20241025 19:35:48 INFO  [main] base.BaseTest BaseTest.java63 - https://login.salesforce.com/ is entered
20241025 19:36:19 INFO  [main] base.BaseTest BaseTest.java63 - https://login.salesforce.com/ is entered
20241025 19:37:07 INFO  [main] base.BaseTest BaseTest.java63 - https://login.salesforce.com/ is entered
20241025 19:39:09 INFO  [main] base.BaseTest BaseTest.java63 - https://login.salesforce.com/ is entered
20241025 19:39:33 INFO  [main] base.BaseTest BaseTest.java63 - https://login.salesforce.com/ is entered
